# JRE version: Java(TM) SE Runtime Environment (8.0_72-b15) (build 1.8.0_72-b15)
# Java VM: Java HotSpot(TM) 64-Bit Server VM (25.72-b15 mixed mode windows-amd64 compressed oops)
Heap:
 PSYoungGen      total 50688K, used 25064K [0x000000076b500000, 0x000000076f900000, 0x00000007c0000000)
  eden space 50176K, 49% used [0x000000076b500000,0x000000076cd6a2b8,0x000000076e600000)
  from space 512K, 12% used [0x000000076f880000,0x000000076f890000,0x000000076f900000)
  to   space 1536K, 0% used [0x000000076f600000,0x000000076f600000,0x000000076f780000)
 ParOldGen       total 175104K, used 932K [0x00000006c1e00000, 0x00000006cc900000, 0x000000076b500000)
  object space 175104K, 0% used [0x00000006c1e00000,0x00000006c1ee9060,0x00000006cc900000)
 Metaspace       used 6751K, capacity 6874K, committed 6912K, reserved 1056768K
  class space    used 700K, capacity 763K, committed 768K, reserved 1048576K
GC Heap History (10 events):
Event: 11.714 GC heap before
{Heap before GC invocations=14 (full 0):
 PSYoungGen      total 56832K, used 55360K [0x000000076b500000, 0x000000076fc00000, 0x00000007c0000000)
  eden space 55296K, 100% used [0x000000076b500000,0x000000076eb00000,0x000000076eb00000)
  from space 1536K, 4% used [0x000000076f900000,0x000000076f910000,0x000000076fa80000)
  to   space 1536K, 0% used [0x000000076fa80000,0x000000076fa80000,0x000000076fc00000)
 ParOldGen       total 175104K, used 900K [0x00000006c1e00000, 0x00000006cc900000, 0x000000076b500000)
  object space 175104K, 0% used [0x00000006c1e00000,0x00000006c1ee1060,0x00000006cc900000)
 Metaspace       used 6705K, capacity 6806K, committed 6912K, reserved 1056768K
  class space    used 700K, capacity 763K, committed 768K, reserved 1048576K
Event: 11.715 GC heap after
Heap after GC invocations=14 (full 0):
 PSYoungGen      total 54784K, used 128K [0x000000076b500000, 0x000000076fb00000, 0x00000007c0000000)
  eden space 54272K, 0% used [0x000000076b500000,0x000000076b500000,0x000000076ea00000)
  from space 512K, 25% used [0x000000076fa80000,0x000000076faa0000,0x000000076fb00000)
  to   space 1536K, 0% used [0x000000076f800000,0x000000076f800000,0x000000076f980000)
 ParOldGen       total 175104K, used 900K [0x00000006c1e00000, 0x00000006cc900000, 0x000000076b500000)
  object space 175104K, 0% used [0x00000006c1e00000,0x00000006c1ee1060,0x00000006cc900000)
 Metaspace       used 6705K, capacity 6806K, committed 6912K, reserved 1056768K
  class space    used 700K, capacity 763K, committed 768K, reserved 1048576K
}
Event: 12.419 GC heap before
{Heap before GC invocations=15 (full 0):
 PSYoungGen      total 54784K, used 54400K [0x000000076b500000, 0x000000076fb00000, 0x00000007c0000000)
  eden space 54272K, 100% used [0x000000076b500000,0x000000076ea00000,0x000000076ea00000)
  from space 512K, 25% used [0x000000076fa80000,0x000000076faa0000,0x000000076fb00000)
  to   space 1536K, 0% used [0x000000076f800000,0x000000076f800000,0x000000076f980000)
 ParOldGen       total 175104K, used 900K [0x00000006c1e00000, 0x00000006cc900000, 0x000000076b500000)
  object space 175104K, 0% used [0x00000006c1e00000,0x00000006c1ee1060,0x00000006cc900000)
 Metaspace       used 6705K, capacity 6806K, committed 6912K, reserved 1056768K
  class space    used 700K, capacity 763K, committed 768K, reserved 1048576K
Event: 12.419 GC heap after
Heap after GC invocations=15 (full 0):
 PSYoungGen      total 54784K, used 64K [0x000000076b500000, 0x000000076fb00000, 0x00000007c0000000)
  eden space 53248K, 0% used [0x000000076b500000,0x000000076b500000,0x000000076e900000)
  from space 1536K, 4% used [0x000000076f800000,0x000000076f810000,0x000000076f980000)
  to   space 1536K, 0% used [0x000000076f980000,0x000000076f980000,0x000000076fb00000)
 ParOldGen       total 175104K, used 916K [0x00000006c1e00000, 0x00000006cc900000, 0x000000076b500000)
  object space 175104K, 0% used [0x00000006c1e00000,0x00000006c1ee5060,0x00000006cc900000)
 Metaspace       used 6705K, capacity 6806K, committed 6912K, reserved 1056768K
  class space    used 700K, capacity 763K, committed 768K, reserved 1048576K
}
Event: 13.056 GC heap before
{Heap before GC invocations=16 (full 0):
 PSYoungGen      total 54784K, used 53312K [0x000000076b500000, 0x000000076fb00000, 0x00000007c0000000)
  eden space 53248K, 100% used [0x000000076b500000,0x000000076e900000,0x000000076e900000)
  from space 1536K, 4% used [0x000000076f800000,0x000000076f810000,0x000000076f980000)
  to   space 1536K, 0% used [0x000000076f980000,0x000000076f980000,0x000000076fb00000)
 ParOldGen       total 175104K, used 916K [0x00000006c1e00000, 0x00000006cc900000, 0x000000076b500000)
  object space 175104K, 0% used [0x00000006c1e00000,0x00000006c1ee5060,0x00000006cc900000)
 Metaspace       used 6705K, capacity 6806K, committed 6912K, reserved 1056768K
  class space    used 700K, capacity 763K, committed 768K, reserved 1048576K
Event: 13.056 GC heap after
Heap after GC invocations=16 (full 0):
 PSYoungGen      total 52736K, used 96K [0x000000076b500000, 0x000000076fa00000, 0x00000007c0000000)
  eden space 52224K, 0% used [0x000000076b500000,0x000000076b500000,0x000000076e800000)
  from space 512K, 18% used [0x000000076f980000,0x000000076f998000,0x000000076fa00000)
  to   space 1536K, 0% used [0x000000076f700000,0x000000076f700000,0x000000076f880000)
 ParOldGen       total 175104K, used 924K [0x00000006c1e00000, 0x00000006cc900000, 0x000000076b500000)
  object space 175104K, 0% used [0x00000006c1e00000,0x00000006c1ee7060,0x00000006cc900000)
 Metaspace       used 6705K, capacity 6806K, committed 6912K, reserved 1056768K
  class space    used 700K, capacity 763K, committed 768K, reserved 1048576K
}
Event: 13.675 GC heap before
{Heap before GC invocations=17 (full 0):
 PSYoungGen      total 52736K, used 52320K [0x000000076b500000, 0x000000076fa00000, 0x00000007c0000000)
  eden space 52224K, 100% used [0x000000076b500000,0x000000076e800000,0x000000076e800000)
  from space 512K, 18% used [0x000000076f980000,0x000000076f998000,0x000000076fa00000)
  to   space 1536K, 0% used [0x000000076f700000,0x000000076f700000,0x000000076f880000)
 ParOldGen       total 175104K, used 924K [0x00000006c1e00000, 0x00000006cc900000, 0x000000076b500000)
  object space 175104K, 0% used [0x00000006c1e00000,0x00000006c1ee7060,0x00000006cc900000)
 Metaspace       used 6705K, capacity 6806K, committed 6912K, reserved 1056768K
  class space    used 700K, capacity 763K, committed 768K, reserved 1048576K
Event: 13.675 GC heap after
Heap after GC invocations=17 (full 0):
 PSYoungGen      total 52736K, used 96K [0x000000076b500000, 0x000000076fa00000, 0x00000007c0000000)
  eden space 51200K, 0% used [0x000000076b500000,0x000000076b500000,0x000000076e700000)
  from space 1536K, 6% used [0x000000076f700000,0x000000076f718000,0x000000076f880000)
  to   space 1536K, 0% used [0x000000076f880000,0x000000076f880000,0x000000076fa00000)
 ParOldGen       total 175104K, used 924K [0x00000006c1e00000, 0x00000006cc900000, 0x000000076b500000)
  object space 175104K, 0% used [0x00000006c1e00000,0x00000006c1ee7060,0x00000006cc900000)
 Metaspace       used 6705K, capacity 6806K, committed 6912K, reserved 1056768K
  class space    used 700K, capacity 763K, committed 768K, reserved 1048576K
}
Event: 15.367 GC heap before
{Heap before GC invocations=18 (full 0):
 PSYoungGen      total 52736K, used 51296K [0x000000076b500000, 0x000000076fa00000, 0x00000007c0000000)
  eden space 51200K, 100% used [0x000000076b500000,0x000000076e700000,0x000000076e700000)
  from space 1536K, 6% used [0x000000076f700000,0x000000076f718000,0x000000076f880000)
  to   space 1536K, 0% used [0x000000076f880000,0x000000076f880000,0x000000076fa00000)
 ParOldGen       total 175104K, used 924K [0x00000006c1e00000, 0x00000006cc900000, 0x000000076b500000)
  object space 175104K, 0% used [0x00000006c1e00000,0x00000006c1ee7060,0x00000006cc900000)
 Metaspace       used 6749K, capacity 6874K, committed 6912K, reserved 1056768K
  class space    used 700K, capacity 763K, committed 768K, reserved 1048576K
Event: 15.367 GC heap after
Heap after GC invocations=18 (full 0):
 PSYoungGen      total 50688K, used 64K [0x000000076b500000, 0x000000076f900000, 0x00000007c0000000)
  eden space 50176K, 0% used [0x000000076b500000,0x000000076b500000,0x000000076e600000)
  from space 512K, 12% used [0x000000076f880000,0x000000076f890000,0x000000076f900000)
  to   space 1536K, 0% used [0x000000076f600000,0x000000076f600000,0x000000076f780000)
 ParOldGen       total 175104K, used 932K [0x00000006c1e00000, 0x00000006cc900000, 0x000000076b500000)
  object space 175104K, 0% used [0x00000006c1e00000,0x00000006c1ee9060,0x00000006cc900000)
 Metaspace       used 6749K, capacity 6874K, committed 6912K, reserved 1056768K
  class space    used 700K, capacity 763K, committed 768K, reserved 1048576K
}

